<?xml version="1.0" encoding="UTF-8"?>
<testExecutions version="1">
  <file path="C:\Users\suporte\Documents\git\tcc\dev\LabTrip\__tests__\test\locais\local.test.js">
    <testCase name="Testando classe Local Deve retornar objeto do tipo Local" duration="5"/>
  </file>
  <file path="C:\Users\suporte\Documents\git\tcc\dev\LabTrip\__tests__\test\atividades\atividade.test.js">
    <testCase name="Testando classe Atividade Deve retornar objeto do tipo Atividade" duration="3"/>
  </file>
  <file path="C:\Users\suporte\Documents\git\tcc\dev\LabTrip\__tests__\test\usuarios\usuario.test.js">
    <testCase name="Testando classe Usuario Deve retornar objeto do tipo Usuario" duration="4"/>
  </file>
  <file path="C:\Users\suporte\Documents\git\tcc\dev\LabTrip\__tests__\test\agencias\agencia.test.js">
    <testCase name="Testando classe Agencia Deve retornar objeto do tipo Agencia" duration="3"/>
  </file>
  <file path="C:\Users\suporte\Documents\git\tcc\dev\LabTrip\__tests__\test\viagens\viagem.test.js">
    <testCase name="Testando classe Viagem Deve retornar objeto do tipo Viagem" duration="2"/>
  </file>
  <file path="C:\Users\suporte\Documents\git\tcc\dev\LabTrip\__tests__\test\login\login.test.js">
    <testCase name="Testando classe Login Deve retornar objeto do tipo Login" duration="3"/>
  </file>
  <file path="C:\Users\suporte\Documents\git\tcc\dev\LabTrip\__tests__\test\perfis\perfil.test.js">
    <testCase name="Testando classe Perfil Deve retornar objeto do tipo Perfil" duration="3"/>
  </file>
  <file path="C:\Users\suporte\Documents\git\tcc\dev\LabTrip\__tests__\test\roteiro\roteiro.test.js">
    <testCase name="Testando classe Roteiro Deve retornar objeto do tipo Roteiro" duration="2"/>
  </file>
  <file path="C:\Users\suporte\Documents\git\tcc\dev\LabTrip\__tests__\test\index.spec.js">
    <testCase name="Testando servidor Deve buscar a rota principal" duration="39"/>
  </file>
</testExecutions>