<?xml version="1.0" encoding="UTF-8"?>
<testExecutions version="1">
  <file path="C:\Users\suporte\Documents\git\LabTrip\__tests__\test\index.spec.js">
    <testCase name="Testando servidor Deve buscar a rota principal" duration="53"/>
  </file>
</testExecutions>