<?xml version="1.0" encoding="UTF-8"?>
<testExecutions version="1">
  <file path="D:\Users\Batz\Documents\IFSP\5ยบ Semestre\PI1A5\back-end\LabTrip\__tests__\test\index.spec.js">
    <testCase name="Testando servidor Deve buscar a rota principal" duration="60"/>
  </file>
</testExecutions>